<?xml version="1.0" encoding="UTF-8"?>
<testsuite xmlns:xsi="http://www.w3.org/2001/XMLSchema-instance" xsi:noNamespaceSchemaLocation="https://maven.apache.org/surefire/maven-surefire-plugin/xsd/surefire-test-report-3.0.xsd" version="3.0" name="runners.TestRunner" time="16.941" tests="1" errors="0" skipped="0" failures="0">
  <properties>
[...]
</properties>
  <testcase name="Verify able to apply leave until balance 0" classname="OrangeHRM Leave Feature" time="14.388">
    <system-out><![CDATA[
@orange
Scenario: Verify able to apply leave until balance 0 &amp#27;[90m# src/test/resources/features/orangeHRM.feature:7&amp#27;[0m
406  [main] INFO  i.g.b.wdm.WebDriverManager - Using chromedriver 130.0.6723.91 (resolved driver for Chrome 130)
418  [main] INFO  i.g.b.wdm.WebDriverManager - Exporting webdriver.chrome.driver as /Users/flp9achmadthoriq/.cache/selenium/chromedriver/mac-arm64/130.0.6723.91/chromedriver
Step definition executed: user login as admin
Entering username: Admin
Entering password: admin123
Clicking login button
  &amp#27;[32mGiven &amp#27;[0m&amp#27;[32muser login as admin&amp#27;[0m                          &amp#27;[90m# stepDefinitions.Steps.user_login_as_admin()&amp#27;[0m
  &amp#27;[32mWhen &amp#27;[0m&amp#27;[32muser click leave&amp#27;[0m                              &amp#27;[90m# stepDefinitions.Steps.user_click_leave()&amp#27;[0m
  &amp#27;[32mAnd &amp#27;[0m&amp#27;[32mclick apply tab&amp#27;[0m                                &amp#27;[90m# stepDefinitions.Steps.click_apply_tab()&amp#27;[0m
]]></system-out>
    <system-err><![CDATA[Starting ChromeDriver 130.0.6723.91 (53ac076783696778ecc8f360ea31765c29c240ad-refs/branch-heads/6723@{#1517}) on port 63946
Only local connections are allowed.
Please see https://chromedriver.chromium.org/security-considerations for suggestions on keeping ChromeDriver safe.
ChromeDriver was started successfully on port 63946.
Oct 31, 2024 9:23:39 PM org.openqa.selenium.remote.ProtocolHandshake createSession
INFO: Detected upstream dialect: W3C
Oct 31, 2024 9:23:39 PM org.openqa.selenium.devtools.CdpVersionFinder findNearestMatch
WARNING: Unable to find an exact match for CDP version 130, so returning the closest version found: a no-op implementation
Oct 31, 2024 9:23:39 PM org.openqa.selenium.devtools.CdpVersionFinder findNearestMatch
INFO: Unable to find CDP implementation matching 130.
Oct 31, 2024 9:23:39 PM org.openqa.selenium.chromium.ChromiumDriver lambda$new$3
WARNING: Unable to find version of CDP to use for . You may need to include a dependency on a specific version of the CDP using something similar to `org.seleniumhq.selenium:selenium-devtools-v86:4.3.0` where the version ("v86") matches the version of the chromium-based browser you're using and the version number of the artifact is the same as Selenium's.
]]></system-err>
  </testcase>
</testsuite>