<?xml version="1.0" encoding="UTF-8"?>
<testsuite xmlns:xsi="http://www.w3.org/2001/XMLSchema-instance" xsi:noNamespaceSchemaLocation="https://maven.apache.org/surefire/maven-surefire-plugin/xsd/surefire-test-report-3.0.xsd" version="3.0" name="runners.TestRunner" time="19.88" tests="1" errors="1" skipped="0" failures="0">
  <properties>
[...]
</properties>
  <testcase name="End to End mamikos" classname="Mamikos" time="19.781">
    <error message="element not interactable&#10;  (Session info: chrome=116.0.5845.110)&#10;Build info: version: &apos;4.3.0&apos;, revision: &apos;a4995e2c09*&apos;&#10;System info: host: &apos;192.168.1.5&apos;, ip: &apos;2405:8180:303:431a:25d0:d7b9:1721:eff8%en0&apos;, os.name: &apos;Mac OS X&apos;, os.arch: &apos;aarch64&apos;, os.version: &apos;12.5&apos;, java.version: &apos;19.0.2&apos;&#10;Driver info: org.openqa.selenium.chrome.ChromeDriver&#10;Command: [20e7fb7b2fc548517abf6f7f0c91bf8a, clickElement {id=15BF4618894C2ADAF0754CBAE5A7D3F5_element_375}]&#10;Capabilities {acceptInsecureCerts: false, browserName: chrome, browserVersion: 116.0.5845.110, chrome: {chromedriverVersion: 116.0.5845.96 (1a3918166880..., userDataDir: /var/folders/8j/tyfqmyxx6x9...}, fedcm:accounts: true, goog:chromeOptions: {debuggerAddress: localhost:56109}, networkConnectionEnabled: false, pageLoadStrategy: normal, platformName: MAC, proxy: Proxy(), se:cdp: ws://localhost:56109/devtoo..., se:cdpVersion: 116.0.5845.110, setWindowRect: true, strictFileInteractability: false, timeouts: {implicit: 0, pageLoad: 300000, script: 30000}, unhandledPromptBehavior: dismiss and notify, webauthn:extension:credBlob: true, webauthn:extension:largeBlob: true, webauthn:extension:minPinLength: true, webauthn:extension:prf: true, webauthn:virtualAuthenticators: true}&#10;Element: [[ChromeDriver: chrome on MAC (20e7fb7b2fc548517abf6f7f0c91bf8a)] -&gt; css selector: div[class=&apos;nav-main-link&apos;]]&#10;Session ID: 20e7fb7b2fc548517abf6f7f0c91bf8a" type="org.openqa.selenium.ElementNotInteractableException"><![CDATA[org.openqa.selenium.ElementNotInteractableException: 
element not interactable
  (Session info: chrome=116.0.5845.110)
Build info: version: '4.3.0', revision: 'a4995e2c09*'
System info: host: '192.168.1.5', ip: '2405:8180:303:431a:25d0:d7b9:1721:eff8%en0', os.name: 'Mac OS X', os.arch: 'aarch64', os.version: '12.5', java.version: '19.0.2'
Driver info: org.openqa.selenium.chrome.ChromeDriver
Command: [20e7fb7b2fc548517abf6f7f0c91bf8a, clickElement {id=15BF4618894C2ADAF0754CBAE5A7D3F5_element_375}]
Capabilities {acceptInsecureCerts: false, browserName: chrome, browserVersion: 116.0.5845.110, chrome: {chromedriverVersion: 116.0.5845.96 (1a3918166880..., userDataDir: /var/folders/8j/tyfqmyxx6x9...}, fedcm:accounts: true, goog:chromeOptions: {debuggerAddress: localhost:56109}, networkConnectionEnabled: false, pageLoadStrategy: normal, platformName: MAC, proxy: Proxy(), se:cdp: ws://localhost:56109/devtoo..., se:cdpVersion: 116.0.5845.110, setWindowRect: true, strictFileInteractability: false, timeouts: {implicit: 0, pageLoad: 300000, script: 30000}, unhandledPromptBehavior: dismiss and notify, webauthn:extension:credBlob: true, webauthn:extension:largeBlob: true, webauthn:extension:minPinLength: true, webauthn:extension:prf: true, webauthn:virtualAuthenticators: true}
Element: [[ChromeDriver: chrome on MAC (20e7fb7b2fc548517abf6f7f0c91bf8a)] -> css selector: div[class='nav-main-link']]
Session ID: 20e7fb7b2fc548517abf6f7f0c91bf8a
	at java.base/jdk.internal.reflect.DirectConstructorHandleAccessor.newInstance(DirectConstructorHandleAccessor.java:67)
	at java.base/java.lang.reflect.Constructor.newInstanceWithCaller(Constructor.java:500)
	at java.base/java.lang.reflect.Constructor.newInstance(Constructor.java:484)
	at org.openqa.selenium.remote.codec.w3c.W3CHttpResponseCodec.createException(W3CHttpResponseCodec.java:200)
	at org.openqa.selenium.remote.codec.w3c.W3CHttpResponseCodec.decode(W3CHttpResponseCodec.java:133)
	at org.openqa.selenium.remote.codec.w3c.W3CHttpResponseCodec.decode(W3CHttpResponseCodec.java:53)
	at org.openqa.selenium.remote.HttpCommandExecutor.execute(HttpCommandExecutor.java:184)
	at org.openqa.selenium.remote.service.DriverCommandExecutor.invokeExecute(DriverCommandExecutor.java:167)
	at org.openqa.selenium.remote.service.DriverCommandExecutor.execute(DriverCommandExecutor.java:142)
	at org.openqa.selenium.remote.RemoteWebDriver.execute(RemoteWebDriver.java:569)
	at org.openqa.selenium.remote.RemoteWebElement.execute(RemoteWebElement.java:257)
	at org.openqa.selenium.remote.RemoteWebElement.click(RemoteWebElement.java:78)
	at stepDefinitions.Steps.click_cari_iklan(Steps.java:139)
	at ✽.click cari iklan(file:///Users/achmadthoriqbaidowi/Documents/java_selenium/src/test/resources/features/mamikos.feature:10)
]]></error>
    <system-out><![CDATA[
@mamikos
Scenario: End to End mamikos        &amp#27;[90m# src/test/resources/features/mamikos.feature:4&amp#27;[0m
[DEBUG] Resolution chrome=116 in cache (valid until 11:01:38 30/08/2023 WIB)
[DEBUG] Resolution chrome116=116.0.5845.96 in cache (valid until 10:01:38 31/08/2023 WIB)
[INFO] Using chromedriver 116.0.5845.96 (resolved driver for Chrome 116)
[DEBUG] Driver chromedriver 116.0.5845.96 found in cache
[INFO] Exporting webdriver.chrome.driver as /Users/achmadthoriqbaidowi/.cache/selenium/chromedriver/mac-arm64/116.0.5845.96/chromedriver
[DEBUG] Using SLF4J as the default logging framework
[DEBUG] -Dio.netty.leakDetection.level: simple
[DEBUG] -Dio.netty.leakDetection.targetRecords: 4
[DEBUG] Loaded default ResourceLeakDetector: io.netty.util.ResourceLeakDetector@f096f37
[DEBUG] -Dio.netty.noUnsafe: false
[DEBUG] Java version: 19
[DEBUG] sun.misc.Unsafe.theUnsafe: available
[DEBUG] sun.misc.Unsafe.copyMemory: available
[DEBUG] sun.misc.Unsafe.storeFence: available
[DEBUG] java.nio.Buffer.address: available
[DEBUG] direct buffer constructor: unavailable: Reflective setAccessible(true) disabled
[DEBUG] java.nio.Bits.unaligned: available, true
[DEBUG] jdk.internal.misc.Unsafe.allocateUninitializedArray(int): unavailable: class io.netty.util.internal.PlatformDependent0$7 cannot access class jdk.internal.misc.Unsafe (in module java.base) because module java.base does not export jdk.internal.misc to unnamed module @5db54e92
[DEBUG] java.nio.DirectByteBuffer.<init>(long, int): unavailable
[DEBUG] sun.misc.Unsafe: available
[DEBUG] maxDirectMemory: 4294967296 bytes (maybe)
[DEBUG] -Dio.netty.tmpdir: /var/folders/8j/tyfqmyxx6x9fh2kvg9m14yvr0000gp/T (java.io.tmpdir)
[DEBUG] -Dio.netty.bitMode: 64 (sun.arch.data.model)
[DEBUG] Platform: MacOS
[DEBUG] -Dio.netty.maxDirectMemory: -1 bytes
[DEBUG] -Dio.netty.uninitializedArrayAllocationThreshold: -1
[DEBUG] java.nio.ByteBuffer.cleaner(): available
[DEBUG] -Dio.netty.noPreferDirect: false
[DEBUG] org.jctools-core.MpscChunkedArrayQueue: available
[DEBUG] -Dio.netty.threadLocalMap.stringBuilder.initialSize: 1024
[DEBUG] -Dio.netty.threadLocalMap.stringBuilder.maxSize: 4096
[DEBUG] Default protocols (JDK): [TLSv1.3, TLSv1.2] 
[DEBUG] Default cipher suites (JDK): [TLS_ECDHE_ECDSA_WITH_AES_256_GCM_SHA384, TLS_ECDHE_ECDSA_WITH_AES_128_GCM_SHA256, TLS_ECDHE_RSA_WITH_AES_128_GCM_SHA256, TLS_ECDHE_RSA_WITH_AES_256_GCM_SHA384, TLS_ECDHE_RSA_WITH_AES_128_CBC_SHA, TLS_ECDHE_RSA_WITH_AES_256_CBC_SHA, TLS_RSA_WITH_AES_128_GCM_SHA256, TLS_RSA_WITH_AES_128_CBC_SHA, TLS_RSA_WITH_AES_256_CBC_SHA, TLS_AES_128_GCM_SHA256, TLS_AES_256_GCM_SHA384]
[DEBUG] -Dio.netty.eventLoopThreads: 20
[DEBUG] -Dio.netty.noKeySetOptimization: false
[DEBUG] -Dio.netty.selectorAutoRebuildThreshold: 512
[DEBUG] -Dio.netty.allocator.numHeapArenas: 20
[DEBUG] -Dio.netty.allocator.numDirectArenas: 20
[DEBUG] -Dio.netty.allocator.pageSize: 8192
[DEBUG] -Dio.netty.allocator.maxOrder: 9
[DEBUG] -Dio.netty.allocator.chunkSize: 4194304
[DEBUG] -Dio.netty.allocator.smallCacheSize: 256
[DEBUG] -Dio.netty.allocator.normalCacheSize: 64
[DEBUG] -Dio.netty.allocator.maxCachedBufferCapacity: 32768
[DEBUG] -Dio.netty.allocator.cacheTrimInterval: 8192
[DEBUG] -Dio.netty.allocator.cacheTrimIntervalMillis: 0
[DEBUG] -Dio.netty.allocator.useCacheForAllThreads: false
[DEBUG] -Dio.netty.allocator.maxCachedByteBuffersPerChunk: 1023
[DEBUG] -Dio.netty.allocator.type: pooled
[DEBUG] -Dio.netty.threadLocalDirectBufferSize: 0
[DEBUG] -Dio.netty.maxThreadLocalCharBufferSize: 16384
[DEBUG] -Dio.netty.processId: 38934 (auto-detected)
[DEBUG] -Djava.net.preferIPv4Stack: false
[DEBUG] -Djava.net.preferIPv6Addresses: false
[DEBUG] Loopback interface: lo0 (lo0, 0:0:0:0:0:0:0:1%lo0)
[DEBUG] Failed to get SOMAXCONN from sysctl and file /proc/sys/net/core/somaxconn. Default: 128
[DEBUG] -Dio.netty.machineId: bc:d0:74:ff:fe:a2:d0:66 (auto-detected)
[DEBUG] -Dio.netty.buffer.checkAccessible: true
[DEBUG] -Dio.netty.buffer.checkBounds: true
[DEBUG] Loaded default ResourceLeakDetector: io.netty.util.ResourceLeakDetector@3ea4a7f8
[DEBUG] Using new Channel '[id: 0x56fbb4c2, L:/127.0.0.1:56108 - R:localhost/127.0.0.1:59844]' for 'POST' to '/session'
[DEBUG] -Dio.netty.recycler.maxCapacityPerThread: 4096
[DEBUG] -Dio.netty.recycler.ratio: 8
[DEBUG] -Dio.netty.recycler.chunkSize: 32
[DEBUG] -Dio.netty.recycler.blocking: false
[DEBUG] brotli4j not in the classpath; Brotli support will be unavailable.
[DEBUG] 

Request DefaultHttpRequest(decodeResult: success, version: HTTP/1.1)
POST /session HTTP/1.1
User-Agent: selenium/4.3.0 (java mac)
Content-Length: 439
Content-Type: application/json; charset=utf-8
host: localhost:59844
accept: */*

Response DefaultHttpResponse(decodeResult: success, version: HTTP/1.1)
HTTP/1.1 200 OK
Content-Type: application/json; charset=utf-8
cache-control: no-cache
content-length: 896

[DEBUG] Adding key: http://localhost:59844 for channel [id: 0x56fbb4c2, L:/127.0.0.1:56108 - R:localhost/127.0.0.1:59844]
[DEBUG] Using new Channel '[id: 0x4786aa88, L:/127.0.0.1:56117 - R:localhost/127.0.0.1:56109]' for 'GET' to '/json/version'
[DEBUG] 

Request DefaultFullHttpRequest(decodeResult: success, version: HTTP/1.1, content: EmptyByteBufBE)
GET /json/version HTTP/1.1
User-Agent: selenium/4.3.0 (java mac)
host: localhost:56109
accept: */*

Response DefaultHttpResponse(decodeResult: success, version: HTTP/1.1)
HTTP/1.1 200 OK
Content-Security-Policy: frame-ancestors 'none'
Content-Type: application/json; charset=UTF-8
content-length: 422

[DEBUG] Adding key: http://localhost:56109 for channel [id: 0x4786aa88, L:/127.0.0.1:56117 - R:localhost/127.0.0.1:56109]
[DEBUG] -Dio.netty.initialSeedUniquifier: 0x27d08d0d52306044
[DEBUG] Using new Channel '[id: 0xbc93ba76, L:/127.0.0.1:56118 - R:localhost/127.0.0.1:56109]' for 'GET' to '/devtools/browser/dbb3d246-0ac0-4e20-b106-f2099dad3772'
[DEBUG] 

Request DefaultFullHttpRequest(decodeResult: success, version: HTTP/1.1, content: EmptyByteBufBE)
GET /devtools/browser/dbb3d246-0ac0-4e20-b106-f2099dad3772 HTTP/1.1
upgrade: websocket
connection: upgrade
sec-websocket-key: 0ofFrqqf5SUiF34qAdWlJw==
sec-websocket-version: 13
origin: http://localhost:56109
host: localhost:56109
accept: */*
user-agent: AHC/2.1

Response DefaultHttpResponse(decodeResult: success, version: HTTP/1.1)
HTTP/1.1 101 WebSocket Protocol Handshake
Upgrade: WebSocket
Connection: Upgrade
Sec-WebSocket-Accept: U+4qlXlS7d77X4JskzJW9RWNRD8=

[DEBUG] Entry count for : http://localhost:56109 : 1
[DEBUG] Entry count for : http://localhost:59844 : 1
[DEBUG] Using pooled Channel '[id: 0x56fbb4c2, L:/127.0.0.1:56108 - R:localhost/127.0.0.1:59844]' for 'POST' to 'http://localhost:59844/session/20e7fb7b2fc548517abf6f7f0c91bf8a/timeouts'
[DEBUG] Using open Channel [id: 0x56fbb4c2, L:/127.0.0.1:56108 - R:localhost/127.0.0.1:59844] for POST '/session/20e7fb7b2fc548517abf6f7f0c91bf8a/timeouts'
[DEBUG] 

Request DefaultHttpRequest(decodeResult: success, version: HTTP/1.1)
POST /session/20e7fb7b2fc548517abf6f7f0c91bf8a/timeouts HTTP/1.1
User-Agent: selenium/4.3.0 (java mac)
Content-Length: 23
Content-Type: application/json; charset=utf-8
host: localhost:59844
accept: */*

Response DefaultHttpResponse(decodeResult: success, version: HTTP/1.1)
HTTP/1.1 200 OK
Content-Type: application/json; charset=utf-8
cache-control: no-cache
content-length: 14

[DEBUG] Adding key: http://localhost:59844 for channel [id: 0x56fbb4c2, L:/127.0.0.1:56108 - R:localhost/127.0.0.1:59844]
[DEBUG] Using pooled Channel '[id: 0x56fbb4c2, L:/127.0.0.1:56108 - R:localhost/127.0.0.1:59844]' for 'POST' to 'http://localhost:59844/session/20e7fb7b2fc548517abf6f7f0c91bf8a/url'
[DEBUG] Using open Channel [id: 0x56fbb4c2, L:/127.0.0.1:56108 - R:localhost/127.0.0.1:59844] for POST '/session/20e7fb7b2fc548517abf6f7f0c91bf8a/url'
[DEBUG] Entry count for : http://localhost:56109 : 1
[DEBUG] 

Request DefaultHttpRequest(decodeResult: success, version: HTTP/1.1)
POST /session/20e7fb7b2fc548517abf6f7f0c91bf8a/url HTTP/1.1
User-Agent: selenium/4.3.0 (java mac)
Content-Length: 50
Content-Type: application/json; charset=utf-8
host: localhost:59844
accept: */*

Response DefaultHttpResponse(decodeResult: success, version: HTTP/1.1)
HTTP/1.1 200 OK
Content-Type: application/json; charset=utf-8
cache-control: no-cache
content-length: 14

[DEBUG] Adding key: http://localhost:59844 for channel [id: 0x56fbb4c2, L:/127.0.0.1:56108 - R:localhost/127.0.0.1:59844]
[DEBUG] Using pooled Channel '[id: 0x56fbb4c2, L:/127.0.0.1:56108 - R:localhost/127.0.0.1:59844]' for 'POST' to 'http://localhost:59844/session/20e7fb7b2fc548517abf6f7f0c91bf8a/element'
[DEBUG] Using open Channel [id: 0x56fbb4c2, L:/127.0.0.1:56108 - R:localhost/127.0.0.1:59844] for POST '/session/20e7fb7b2fc548517abf6f7f0c91bf8a/element'
[DEBUG] 

Request DefaultHttpRequest(decodeResult: success, version: HTTP/1.1)
POST /session/20e7fb7b2fc548517abf6f7f0c91bf8a/element HTTP/1.1
User-Agent: selenium/4.3.0 (java mac)
Content-Length: 77
Content-Type: application/json; charset=utf-8
host: localhost:59844
accept: */*

Response DefaultHttpResponse(decodeResult: success, version: HTTP/1.1)
HTTP/1.1 200 OK
Content-Type: application/json; charset=utf-8
cache-control: no-cache
content-length: 96

[DEBUG] Adding key: http://localhost:59844 for channel [id: 0x56fbb4c2, L:/127.0.0.1:56108 - R:localhost/127.0.0.1:59844]
  &amp#27;[32mGiven &amp#27;[0m&amp#27;[32mopen mamikos page&amp#27;[0m           &amp#27;[90m# stepDefinitions.Steps.open_mamikos_page()&amp#27;[0m
[DEBUG] Using pooled Channel '[id: 0x56fbb4c2, L:/127.0.0.1:56108 - R:localhost/127.0.0.1:59844]' for 'POST' to 'http://localhost:59844/session/20e7fb7b2fc548517abf6f7f0c91bf8a/element'
[DEBUG] Using open Channel [id: 0x56fbb4c2, L:/127.0.0.1:56108 - R:localhost/127.0.0.1:59844] for POST '/session/20e7fb7b2fc548517abf6f7f0c91bf8a/element'
[DEBUG] 

Request DefaultHttpRequest(decodeResult: success, version: HTTP/1.1)
POST /session/20e7fb7b2fc548517abf6f7f0c91bf8a/element HTTP/1.1
User-Agent: selenium/4.3.0 (java mac)
Content-Length: 76
Content-Type: application/json; charset=utf-8
host: localhost:59844
accept: */*

Response DefaultHttpResponse(decodeResult: success, version: HTTP/1.1)
HTTP/1.1 200 OK
Content-Type: application/json; charset=utf-8
cache-control: no-cache
content-length: 96

[DEBUG] Adding key: http://localhost:59844 for channel [id: 0x56fbb4c2, L:/127.0.0.1:56108 - R:localhost/127.0.0.1:59844]
[DEBUG] Using pooled Channel '[id: 0x56fbb4c2, L:/127.0.0.1:56108 - R:localhost/127.0.0.1:59844]' for 'POST' to 'http://localhost:59844/session/20e7fb7b2fc548517abf6f7f0c91bf8a/element'
[DEBUG] Using open Channel [id: 0x56fbb4c2, L:/127.0.0.1:56108 - R:localhost/127.0.0.1:59844] for POST '/session/20e7fb7b2fc548517abf6f7f0c91bf8a/element'
[DEBUG] 

Request DefaultHttpRequest(decodeResult: success, version: HTTP/1.1)
POST /session/20e7fb7b2fc548517abf6f7f0c91bf8a/element HTTP/1.1
User-Agent: selenium/4.3.0 (java mac)
Content-Length: 76
Content-Type: application/json; charset=utf-8
host: localhost:59844
accept: */*

Response DefaultHttpResponse(decodeResult: success, version: HTTP/1.1)
HTTP/1.1 200 OK
Content-Type: application/json; charset=utf-8
cache-control: no-cache
content-length: 96

[DEBUG] Adding key: http://localhost:59844 for channel [id: 0x56fbb4c2, L:/127.0.0.1:56108 - R:localhost/127.0.0.1:59844]
[DEBUG] Using pooled Channel '[id: 0x56fbb4c2, L:/127.0.0.1:56108 - R:localhost/127.0.0.1:59844]' for 'POST' to 'http://localhost:59844/session/20e7fb7b2fc548517abf6f7f0c91bf8a/element/BDF3BFCCD040379923165586482EE0DF_element_231/click'
[DEBUG] Using open Channel [id: 0x56fbb4c2, L:/127.0.0.1:56108 - R:localhost/127.0.0.1:59844] for POST '/session/20e7fb7b2fc548517abf6f7f0c91bf8a/element/BDF3BFCCD040379923165586482EE0DF_element_231/click'
[DEBUG] 

Request DefaultHttpRequest(decodeResult: success, version: HTTP/1.1)
POST /session/20e7fb7b2fc548517abf6f7f0c91bf8a/element/BDF3BFCCD040379923165586482EE0DF_element_231/click HTTP/1.1
User-Agent: selenium/4.3.0 (java mac)
Content-Length: 58
Content-Type: application/json; charset=utf-8
host: localhost:59844
accept: */*

Response DefaultHttpResponse(decodeResult: success, version: HTTP/1.1)
HTTP/1.1 200 OK
Content-Type: application/json; charset=utf-8
cache-control: no-cache
content-length: 14

[DEBUG] Adding key: http://localhost:59844 for channel [id: 0x56fbb4c2, L:/127.0.0.1:56108 - R:localhost/127.0.0.1:59844]
  &amp#27;[32mWhen &amp#27;[0m&amp#27;[32mclick masuk button&amp#27;[0m           &amp#27;[90m# stepDefinitions.Steps.click_masuk_button()&amp#27;[0m
[DEBUG] Using pooled Channel '[id: 0x56fbb4c2, L:/127.0.0.1:56108 - R:localhost/127.0.0.1:59844]' for 'POST' to 'http://localhost:59844/session/20e7fb7b2fc548517abf6f7f0c91bf8a/element'
[DEBUG] Using open Channel [id: 0x56fbb4c2, L:/127.0.0.1:56108 - R:localhost/127.0.0.1:59844] for POST '/session/20e7fb7b2fc548517abf6f7f0c91bf8a/element'
[DEBUG] 

Request DefaultHttpRequest(decodeResult: success, version: HTTP/1.1)
POST /session/20e7fb7b2fc548517abf6f7f0c91bf8a/element HTTP/1.1
User-Agent: selenium/4.3.0 (java mac)
Content-Length: 75
Content-Type: application/json; charset=utf-8
host: localhost:59844
accept: */*

Response DefaultHttpResponse(decodeResult: success, version: HTTP/1.1)
HTTP/1.1 200 OK
Content-Type: application/json; charset=utf-8
cache-control: no-cache
content-length: 96

[DEBUG] Adding key: http://localhost:59844 for channel [id: 0x56fbb4c2, L:/127.0.0.1:56108 - R:localhost/127.0.0.1:59844]
[DEBUG] Using pooled Channel '[id: 0x56fbb4c2, L:/127.0.0.1:56108 - R:localhost/127.0.0.1:59844]' for 'POST' to 'http://localhost:59844/session/20e7fb7b2fc548517abf6f7f0c91bf8a/element'
[DEBUG] Using open Channel [id: 0x56fbb4c2, L:/127.0.0.1:56108 - R:localhost/127.0.0.1:59844] for POST '/session/20e7fb7b2fc548517abf6f7f0c91bf8a/element'
[DEBUG] 

Request DefaultHttpRequest(decodeResult: success, version: HTTP/1.1)
POST /session/20e7fb7b2fc548517abf6f7f0c91bf8a/element HTTP/1.1
User-Agent: selenium/4.3.0 (java mac)
Content-Length: 79
Content-Type: application/json; charset=utf-8
host: localhost:59844
accept: */*

Response DefaultHttpResponse(decodeResult: success, version: HTTP/1.1)
HTTP/1.1 200 OK
Content-Type: application/json; charset=utf-8
cache-control: no-cache
content-length: 96

[DEBUG] Adding key: http://localhost:59844 for channel [id: 0x56fbb4c2, L:/127.0.0.1:56108 - R:localhost/127.0.0.1:59844]
[DEBUG] Using pooled Channel '[id: 0x56fbb4c2, L:/127.0.0.1:56108 - R:localhost/127.0.0.1:59844]' for 'POST' to 'http://localhost:59844/session/20e7fb7b2fc548517abf6f7f0c91bf8a/element/BDF3BFCCD040379923165586482EE0DF_element_292/click'
[DEBUG] Using open Channel [id: 0x56fbb4c2, L:/127.0.0.1:56108 - R:localhost/127.0.0.1:59844] for POST '/session/20e7fb7b2fc548517abf6f7f0c91bf8a/element/BDF3BFCCD040379923165586482EE0DF_element_292/click'
[DEBUG] 

Request DefaultHttpRequest(decodeResult: success, version: HTTP/1.1)
POST /session/20e7fb7b2fc548517abf6f7f0c91bf8a/element/BDF3BFCCD040379923165586482EE0DF_element_292/click HTTP/1.1
User-Agent: selenium/4.3.0 (java mac)
Content-Length: 58
Content-Type: application/json; charset=utf-8
host: localhost:59844
accept: */*

Response DefaultHttpResponse(decodeResult: success, version: HTTP/1.1)
HTTP/1.1 200 OK
Content-Type: application/json; charset=utf-8
cache-control: no-cache
content-length: 14

[DEBUG] Adding key: http://localhost:59844 for channel [id: 0x56fbb4c2, L:/127.0.0.1:56108 - R:localhost/127.0.0.1:59844]
  &amp#27;[32mAnd &amp#27;[0m&amp#27;[32mchoose Pencari kos&amp#27;[0m            &amp#27;[90m# stepDefinitions.Steps.choose_pencari_kos()&amp#27;[0m
[DEBUG] Using pooled Channel '[id: 0x56fbb4c2, L:/127.0.0.1:56108 - R:localhost/127.0.0.1:59844]' for 'POST' to 'http://localhost:59844/session/20e7fb7b2fc548517abf6f7f0c91bf8a/element'
[DEBUG] Using open Channel [id: 0x56fbb4c2, L:/127.0.0.1:56108 - R:localhost/127.0.0.1:59844] for POST '/session/20e7fb7b2fc548517abf6f7f0c91bf8a/element'
[DEBUG] 

Request DefaultHttpRequest(decodeResult: success, version: HTTP/1.1)
POST /session/20e7fb7b2fc548517abf6f7f0c91bf8a/element HTTP/1.1
User-Agent: selenium/4.3.0 (java mac)
Content-Length: 66
Content-Type: application/json; charset=utf-8
host: localhost:59844
accept: */*

Response DefaultHttpResponse(decodeResult: success, version: HTTP/1.1)
HTTP/1.1 200 OK
Content-Type: application/json; charset=utf-8
cache-control: no-cache
content-length: 96

[DEBUG] Adding key: http://localhost:59844 for channel [id: 0x56fbb4c2, L:/127.0.0.1:56108 - R:localhost/127.0.0.1:59844]
[DEBUG] Using pooled Channel '[id: 0x56fbb4c2, L:/127.0.0.1:56108 - R:localhost/127.0.0.1:59844]' for 'POST' to 'http://localhost:59844/session/20e7fb7b2fc548517abf6f7f0c91bf8a/element'
[DEBUG] Using open Channel [id: 0x56fbb4c2, L:/127.0.0.1:56108 - R:localhost/127.0.0.1:59844] for POST '/session/20e7fb7b2fc548517abf6f7f0c91bf8a/element'
[DEBUG] 

Request DefaultHttpRequest(decodeResult: success, version: HTTP/1.1)
POST /session/20e7fb7b2fc548517abf6f7f0c91bf8a/element HTTP/1.1
User-Agent: selenium/4.3.0 (java mac)
Content-Length: 75
Content-Type: application/json; charset=utf-8
host: localhost:59844
accept: */*

Response DefaultHttpResponse(decodeResult: success, version: HTTP/1.1)
HTTP/1.1 200 OK
Content-Type: application/json; charset=utf-8
cache-control: no-cache
content-length: 96

[DEBUG] Adding key: http://localhost:59844 for channel [id: 0x56fbb4c2, L:/127.0.0.1:56108 - R:localhost/127.0.0.1:59844]
[DEBUG] Using pooled Channel '[id: 0x56fbb4c2, L:/127.0.0.1:56108 - R:localhost/127.0.0.1:59844]' for 'POST' to 'http://localhost:59844/session/20e7fb7b2fc548517abf6f7f0c91bf8a/element/BDF3BFCCD040379923165586482EE0DF_element_304/click'
[DEBUG] Using open Channel [id: 0x56fbb4c2, L:/127.0.0.1:56108 - R:localhost/127.0.0.1:59844] for POST '/session/20e7fb7b2fc548517abf6f7f0c91bf8a/element/BDF3BFCCD040379923165586482EE0DF_element_304/click'
[DEBUG] Entry count for : http://localhost:56109 : 1
[DEBUG] 

Request DefaultHttpRequest(decodeResult: success, version: HTTP/1.1)
POST /session/20e7fb7b2fc548517abf6f7f0c91bf8a/element/BDF3BFCCD040379923165586482EE0DF_element_304/click HTTP/1.1
User-Agent: selenium/4.3.0 (java mac)
Content-Length: 58
Content-Type: application/json; charset=utf-8
host: localhost:59844
accept: */*

Response DefaultHttpResponse(decodeResult: success, version: HTTP/1.1)
HTTP/1.1 200 OK
Content-Type: application/json; charset=utf-8
cache-control: no-cache
content-length: 14

[DEBUG] Adding key: http://localhost:59844 for channel [id: 0x56fbb4c2, L:/127.0.0.1:56108 - R:localhost/127.0.0.1:59844]
  &amp#27;[32mAnd &amp#27;[0m&amp#27;[32mclick Daftar sekarang&amp#27;[0m         &amp#27;[90m# stepDefinitions.Steps.click_daftar_sekarang()&amp#27;[0m
[DEBUG] Using pooled Channel '[id: 0x56fbb4c2, L:/127.0.0.1:56108 - R:localhost/127.0.0.1:59844]' for 'POST' to 'http://localhost:59844/session/20e7fb7b2fc548517abf6f7f0c91bf8a/element'
[DEBUG] Using open Channel [id: 0x56fbb4c2, L:/127.0.0.1:56108 - R:localhost/127.0.0.1:59844] for POST '/session/20e7fb7b2fc548517abf6f7f0c91bf8a/element'
[DEBUG] 

Request DefaultHttpRequest(decodeResult: success, version: HTTP/1.1)
POST /session/20e7fb7b2fc548517abf6f7f0c91bf8a/element HTTP/1.1
User-Agent: selenium/4.3.0 (java mac)
Content-Length: 80
Content-Type: application/json; charset=utf-8
host: localhost:59844
accept: */*

Response DefaultHttpResponse(decodeResult: success, version: HTTP/1.1)
HTTP/1.1 200 OK
Content-Type: application/json; charset=utf-8
cache-control: no-cache
content-length: 96

[DEBUG] Adding key: http://localhost:59844 for channel [id: 0x56fbb4c2, L:/127.0.0.1:56108 - R:localhost/127.0.0.1:59844]
[DEBUG] Using pooled Channel '[id: 0x56fbb4c2, L:/127.0.0.1:56108 - R:localhost/127.0.0.1:59844]' for 'POST' to 'http://localhost:59844/session/20e7fb7b2fc548517abf6f7f0c91bf8a/element'
[DEBUG] Using open Channel [id: 0x56fbb4c2, L:/127.0.0.1:56108 - R:localhost/127.0.0.1:59844] for POST '/session/20e7fb7b2fc548517abf6f7f0c91bf8a/element'
[DEBUG] 

Request DefaultHttpRequest(decodeResult: success, version: HTTP/1.1)
POST /session/20e7fb7b2fc548517abf6f7f0c91bf8a/element HTTP/1.1
User-Agent: selenium/4.3.0 (java mac)
Content-Length: 62
Content-Type: application/json; charset=utf-8
host: localhost:59844
accept: */*

Response DefaultHttpResponse(decodeResult: success, version: HTTP/1.1)
HTTP/1.1 200 OK
Content-Type: application/json; charset=utf-8
cache-control: no-cache
content-length: 96

[DEBUG] Adding key: http://localhost:59844 for channel [id: 0x56fbb4c2, L:/127.0.0.1:56108 - R:localhost/127.0.0.1:59844]
[DEBUG] Using pooled Channel '[id: 0x56fbb4c2, L:/127.0.0.1:56108 - R:localhost/127.0.0.1:59844]' for 'POST' to 'http://localhost:59844/session/20e7fb7b2fc548517abf6f7f0c91bf8a/element/15BF4618894C2ADAF0754CBAE5A7D3F5_element_356/value'
[DEBUG] Using open Channel [id: 0x56fbb4c2, L:/127.0.0.1:56108 - R:localhost/127.0.0.1:59844] for POST '/session/20e7fb7b2fc548517abf6f7f0c91bf8a/element/15BF4618894C2ADAF0754CBAE5A7D3F5_element_356/value'
[DEBUG] 

Request DefaultHttpRequest(decodeResult: success, version: HTTP/1.1)
POST /session/20e7fb7b2fc548517abf6f7f0c91bf8a/element/15BF4618894C2ADAF0754CBAE5A7D3F5_element_356/value HTTP/1.1
User-Agent: selenium/4.3.0 (java mac)
Content-Length: 219
Content-Type: application/json; charset=utf-8
host: localhost:59844
accept: */*

Response DefaultHttpResponse(decodeResult: success, version: HTTP/1.1)
HTTP/1.1 200 OK
Content-Type: application/json; charset=utf-8
cache-control: no-cache
content-length: 14

[DEBUG] Adding key: http://localhost:59844 for channel [id: 0x56fbb4c2, L:/127.0.0.1:56108 - R:localhost/127.0.0.1:59844]
[DEBUG] Using pooled Channel '[id: 0x56fbb4c2, L:/127.0.0.1:56108 - R:localhost/127.0.0.1:59844]' for 'POST' to 'http://localhost:59844/session/20e7fb7b2fc548517abf6f7f0c91bf8a/element'
[DEBUG] Using open Channel [id: 0x56fbb4c2, L:/127.0.0.1:56108 - R:localhost/127.0.0.1:59844] for POST '/session/20e7fb7b2fc548517abf6f7f0c91bf8a/element'
[DEBUG] 

Request DefaultHttpRequest(decodeResult: success, version: HTTP/1.1)
POST /session/20e7fb7b2fc548517abf6f7f0c91bf8a/element HTTP/1.1
User-Agent: selenium/4.3.0 (java mac)
Content-Length: 70
Content-Type: application/json; charset=utf-8
host: localhost:59844
accept: */*

Response DefaultHttpResponse(decodeResult: success, version: HTTP/1.1)
HTTP/1.1 200 OK
Content-Type: application/json; charset=utf-8
cache-control: no-cache
content-length: 96

[DEBUG] Adding key: http://localhost:59844 for channel [id: 0x56fbb4c2, L:/127.0.0.1:56108 - R:localhost/127.0.0.1:59844]
[DEBUG] Using pooled Channel '[id: 0x56fbb4c2, L:/127.0.0.1:56108 - R:localhost/127.0.0.1:59844]' for 'POST' to 'http://localhost:59844/session/20e7fb7b2fc548517abf6f7f0c91bf8a/element/15BF4618894C2ADAF0754CBAE5A7D3F5_element_399/value'
[DEBUG] Using open Channel [id: 0x56fbb4c2, L:/127.0.0.1:56108 - R:localhost/127.0.0.1:59844] for POST '/session/20e7fb7b2fc548517abf6f7f0c91bf8a/element/15BF4618894C2ADAF0754CBAE5A7D3F5_element_399/value'
[DEBUG] 

Request DefaultHttpRequest(decodeResult: success, version: HTTP/1.1)
POST /session/20e7fb7b2fc548517abf6f7f0c91bf8a/element/15BF4618894C2ADAF0754CBAE5A7D3F5_element_399/value HTTP/1.1
User-Agent: selenium/4.3.0 (java mac)
Content-Length: 219
Content-Type: application/json; charset=utf-8
host: localhost:59844
accept: */*

Response DefaultHttpResponse(decodeResult: success, version: HTTP/1.1)
HTTP/1.1 200 OK
Content-Type: application/json; charset=utf-8
cache-control: no-cache
content-length: 14

[DEBUG] Adding key: http://localhost:59844 for channel [id: 0x56fbb4c2, L:/127.0.0.1:56108 - R:localhost/127.0.0.1:59844]
[DEBUG] Using pooled Channel '[id: 0x56fbb4c2, L:/127.0.0.1:56108 - R:localhost/127.0.0.1:59844]' for 'POST' to 'http://localhost:59844/session/20e7fb7b2fc548517abf6f7f0c91bf8a/element'
[DEBUG] Using open Channel [id: 0x56fbb4c2, L:/127.0.0.1:56108 - R:localhost/127.0.0.1:59844] for POST '/session/20e7fb7b2fc548517abf6f7f0c91bf8a/element'
[DEBUG] 

Request DefaultHttpRequest(decodeResult: success, version: HTTP/1.1)
POST /session/20e7fb7b2fc548517abf6f7f0c91bf8a/element HTTP/1.1
User-Agent: selenium/4.3.0 (java mac)
Content-Length: 63
Content-Type: application/json; charset=utf-8
host: localhost:59844
accept: */*

Response DefaultHttpResponse(decodeResult: success, version: HTTP/1.1)
HTTP/1.1 200 OK
Content-Type: application/json; charset=utf-8
cache-control: no-cache
content-length: 96

[DEBUG] Adding key: http://localhost:59844 for channel [id: 0x56fbb4c2, L:/127.0.0.1:56108 - R:localhost/127.0.0.1:59844]
[DEBUG] Using pooled Channel '[id: 0x56fbb4c2, L:/127.0.0.1:56108 - R:localhost/127.0.0.1:59844]' for 'POST' to 'http://localhost:59844/session/20e7fb7b2fc548517abf6f7f0c91bf8a/element/15BF4618894C2ADAF0754CBAE5A7D3F5_element_357/value'
[DEBUG] Using open Channel [id: 0x56fbb4c2, L:/127.0.0.1:56108 - R:localhost/127.0.0.1:59844] for POST '/session/20e7fb7b2fc548517abf6f7f0c91bf8a/element/15BF4618894C2ADAF0754CBAE5A7D3F5_element_357/value'
[DEBUG] 

Request DefaultHttpRequest(decodeResult: success, version: HTTP/1.1)
POST /session/20e7fb7b2fc548517abf6f7f0c91bf8a/element/15BF4618894C2ADAF0754CBAE5A7D3F5_element_357/value HTTP/1.1
User-Agent: selenium/4.3.0 (java mac)
Content-Length: 269
Content-Type: application/json; charset=utf-8
host: localhost:59844
accept: */*

Response DefaultHttpResponse(decodeResult: success, version: HTTP/1.1)
HTTP/1.1 200 OK
Content-Type: application/json; charset=utf-8
cache-control: no-cache
content-length: 14

[DEBUG] Adding key: http://localhost:59844 for channel [id: 0x56fbb4c2, L:/127.0.0.1:56108 - R:localhost/127.0.0.1:59844]
[DEBUG] Using pooled Channel '[id: 0x56fbb4c2, L:/127.0.0.1:56108 - R:localhost/127.0.0.1:59844]' for 'POST' to 'http://localhost:59844/session/20e7fb7b2fc548517abf6f7f0c91bf8a/element'
[DEBUG] Using open Channel [id: 0x56fbb4c2, L:/127.0.0.1:56108 - R:localhost/127.0.0.1:59844] for POST '/session/20e7fb7b2fc548517abf6f7f0c91bf8a/element'
[DEBUG] 

Request DefaultHttpRequest(decodeResult: success, version: HTTP/1.1)
POST /session/20e7fb7b2fc548517abf6f7f0c91bf8a/element HTTP/1.1
User-Agent: selenium/4.3.0 (java mac)
Content-Length: 66
Content-Type: application/json; charset=utf-8
host: localhost:59844
accept: */*

Response DefaultHttpResponse(decodeResult: success, version: HTTP/1.1)
HTTP/1.1 200 OK
Content-Type: application/json; charset=utf-8
cache-control: no-cache
content-length: 96

[DEBUG] Adding key: http://localhost:59844 for channel [id: 0x56fbb4c2, L:/127.0.0.1:56108 - R:localhost/127.0.0.1:59844]
[DEBUG] Using pooled Channel '[id: 0x56fbb4c2, L:/127.0.0.1:56108 - R:localhost/127.0.0.1:59844]' for 'POST' to 'http://localhost:59844/session/20e7fb7b2fc548517abf6f7f0c91bf8a/element/15BF4618894C2ADAF0754CBAE5A7D3F5_element_363/value'
[DEBUG] Using open Channel [id: 0x56fbb4c2, L:/127.0.0.1:56108 - R:localhost/127.0.0.1:59844] for POST '/session/20e7fb7b2fc548517abf6f7f0c91bf8a/element/15BF4618894C2ADAF0754CBAE5A7D3F5_element_363/value'
[DEBUG] 

Request DefaultHttpRequest(decodeResult: success, version: HTTP/1.1)
POST /session/20e7fb7b2fc548517abf6f7f0c91bf8a/element/15BF4618894C2ADAF0754CBAE5A7D3F5_element_363/value HTTP/1.1
User-Agent: selenium/4.3.0 (java mac)
Content-Length: 189
Content-Type: application/json; charset=utf-8
host: localhost:59844
accept: */*

Response DefaultHttpResponse(decodeResult: success, version: HTTP/1.1)
HTTP/1.1 200 OK
Content-Type: application/json; charset=utf-8
cache-control: no-cache
content-length: 14

[DEBUG] Adding key: http://localhost:59844 for channel [id: 0x56fbb4c2, L:/127.0.0.1:56108 - R:localhost/127.0.0.1:59844]
[DEBUG] Using pooled Channel '[id: 0x56fbb4c2, L:/127.0.0.1:56108 - R:localhost/127.0.0.1:59844]' for 'POST' to 'http://localhost:59844/session/20e7fb7b2fc548517abf6f7f0c91bf8a/element'
[DEBUG] Using open Channel [id: 0x56fbb4c2, L:/127.0.0.1:56108 - R:localhost/127.0.0.1:59844] for POST '/session/20e7fb7b2fc548517abf6f7f0c91bf8a/element'
[DEBUG] 

Request DefaultHttpRequest(decodeResult: success, version: HTTP/1.1)
POST /session/20e7fb7b2fc548517abf6f7f0c91bf8a/element HTTP/1.1
User-Agent: selenium/4.3.0 (java mac)
Content-Length: 79
Content-Type: application/json; charset=utf-8
host: localhost:59844
accept: */*

Response DefaultHttpResponse(decodeResult: success, version: HTTP/1.1)
HTTP/1.1 200 OK
Content-Type: application/json; charset=utf-8
cache-control: no-cache
content-length: 96

[DEBUG] Adding key: http://localhost:59844 for channel [id: 0x56fbb4c2, L:/127.0.0.1:56108 - R:localhost/127.0.0.1:59844]
[DEBUG] Using pooled Channel '[id: 0x56fbb4c2, L:/127.0.0.1:56108 - R:localhost/127.0.0.1:59844]' for 'POST' to 'http://localhost:59844/session/20e7fb7b2fc548517abf6f7f0c91bf8a/element/15BF4618894C2ADAF0754CBAE5A7D3F5_element_364/value'
[DEBUG] Using open Channel [id: 0x56fbb4c2, L:/127.0.0.1:56108 - R:localhost/127.0.0.1:59844] for POST '/session/20e7fb7b2fc548517abf6f7f0c91bf8a/element/15BF4618894C2ADAF0754CBAE5A7D3F5_element_364/value'
[DEBUG] 

Request DefaultHttpRequest(decodeResult: success, version: HTTP/1.1)
POST /session/20e7fb7b2fc548517abf6f7f0c91bf8a/element/15BF4618894C2ADAF0754CBAE5A7D3F5_element_364/value HTTP/1.1
User-Agent: selenium/4.3.0 (java mac)
Content-Length: 189
Content-Type: application/json; charset=utf-8
host: localhost:59844
accept: */*

Response DefaultHttpResponse(decodeResult: success, version: HTTP/1.1)
HTTP/1.1 200 OK
Content-Type: application/json; charset=utf-8
cache-control: no-cache
content-length: 14

[DEBUG] Adding key: http://localhost:59844 for channel [id: 0x56fbb4c2, L:/127.0.0.1:56108 - R:localhost/127.0.0.1:59844]
  &amp#27;[32mAnd &amp#27;[0m&amp#27;[32minput all field registarion&amp#27;[0m   &amp#27;[90m# stepDefinitions.Steps.input_all_field_registarion()&amp#27;[0m
[DEBUG] Using pooled Channel '[id: 0x56fbb4c2, L:/127.0.0.1:56108 - R:localhost/127.0.0.1:59844]' for 'POST' to 'http://localhost:59844/session/20e7fb7b2fc548517abf6f7f0c91bf8a/element'
[DEBUG] Using open Channel [id: 0x56fbb4c2, L:/127.0.0.1:56108 - R:localhost/127.0.0.1:59844] for POST '/session/20e7fb7b2fc548517abf6f7f0c91bf8a/element'
[DEBUG] 

Request DefaultHttpRequest(decodeResult: success, version: HTTP/1.1)
POST /session/20e7fb7b2fc548517abf6f7f0c91bf8a/element HTTP/1.1
User-Agent: selenium/4.3.0 (java mac)
Content-Length: 70
Content-Type: application/json; charset=utf-8
host: localhost:59844
accept: */*

Response DefaultHttpResponse(decodeResult: success, version: HTTP/1.1)
HTTP/1.1 200 OK
Content-Type: application/json; charset=utf-8
cache-control: no-cache
content-length: 96

[DEBUG] Adding key: http://localhost:59844 for channel [id: 0x56fbb4c2, L:/127.0.0.1:56108 - R:localhost/127.0.0.1:59844]
[DEBUG] Using pooled Channel '[id: 0x56fbb4c2, L:/127.0.0.1:56108 - R:localhost/127.0.0.1:59844]' for 'POST' to 'http://localhost:59844/session/20e7fb7b2fc548517abf6f7f0c91bf8a/element/15BF4618894C2ADAF0754CBAE5A7D3F5_element_375/click'
[DEBUG] Using open Channel [id: 0x56fbb4c2, L:/127.0.0.1:56108 - R:localhost/127.0.0.1:59844] for POST '/session/20e7fb7b2fc548517abf6f7f0c91bf8a/element/15BF4618894C2ADAF0754CBAE5A7D3F5_element_375/click'
[DEBUG] Entry count for : http://localhost:56109 : 1
[DEBUG] Entry count for : http://localhost:56109 : 1
[DEBUG] Entry count for : http://localhost:56109 : 1
[DEBUG] Entry count for : http://localhost:56109 : 1
[DEBUG] Entry count for : http://localhost:56109 : 1
[DEBUG] Entry count for : http://localhost:56109 : 1
[DEBUG] Entry count for : http://localhost:56109 : 1
[DEBUG] Entry count for : http://localhost:56109 : 1
[DEBUG] Entry count for : http://localhost:56109 : 1
[DEBUG] Entry count for : http://localhost:56109 : 1
[DEBUG] Entry count for : http://localhost:56109 : 1
[DEBUG] Entry count for : http://localhost:56109 : 1
[DEBUG] Entry count for : http://localhost:56109 : 1
[DEBUG] Entry count for : http://localhost:56109 : 1
[DEBUG] 

Request DefaultHttpRequest(decodeResult: success, version: HTTP/1.1)
POST /session/20e7fb7b2fc548517abf6f7f0c91bf8a/element/15BF4618894C2ADAF0754CBAE5A7D3F5_element_375/click HTTP/1.1
User-Agent: selenium/4.3.0 (java mac)
Content-Length: 58
Content-Type: application/json; charset=utf-8
host: localhost:59844
accept: */*

Response DefaultHttpResponse(decodeResult: success, version: HTTP/1.1)
HTTP/1.1 400 Bad Request
Content-Type: application/json; charset=utf-8
cache-control: no-cache
content-length: 1702

[DEBUG] Adding key: http://localhost:59844 for channel [id: 0x56fbb4c2, L:/127.0.0.1:56108 - R:localhost/127.0.0.1:59844]
  &amp#27;[31mAnd &amp#27;[0m&amp#27;[31mclick cari iklan&amp#27;[0m              &amp#27;[90m# stepDefinitions.Steps.click_cari_iklan()&amp#27;[0m
      &amp#27;[31morg.openqa.selenium.ElementNotInteractableException: element not interactable
  (Session info: chrome=116.0.5845.110)
Build info: version: '4.3.0', revision: 'a4995e2c09*'
System info: host: '192.168.1.5', ip: '2405:8180:303:431a:25d0:d7b9:1721:eff8%en0', os.name: 'Mac OS X', os.arch: 'aarch64', os.version: '12.5', java.version: '19.0.2'
Driver info: org.openqa.selenium.chrome.ChromeDriver
Command: [20e7fb7b2fc548517abf6f7f0c91bf8a, clickElement {id=15BF4618894C2ADAF0754CBAE5A7D3F5_element_375}]
Capabilities {acceptInsecureCerts: false, browserName: chrome, browserVersion: 116.0.5845.110, chrome: {chromedriverVersion: 116.0.5845.96 (1a3918166880..., userDataDir: /var/folders/8j/tyfqmyxx6x9...}, fedcm:accounts: true, goog:chromeOptions: {debuggerAddress: localhost:56109}, networkConnectionEnabled: false, pageLoadStrategy: normal, platformName: MAC, proxy: Proxy(), se:cdp: ws://localhost:56109/devtoo..., se:cdpVersion: 116.0.5845.110, setWindowRect: true, strictFileInteractability: false, timeouts: {implicit: 0, pageLoad: 300000, script: 30000}, unhandledPromptBehavior: dismiss and notify, webauthn:extension:credBlob: true, webauthn:extension:largeBlob: true, webauthn:extension:minPinLength: true, webauthn:extension:prf: true, webauthn:virtualAuthenticators: true}
Element: [[ChromeDriver: chrome on MAC (20e7fb7b2fc548517abf6f7f0c91bf8a)] -> css selector: div[class='nav-main-link']]
Session ID: 20e7fb7b2fc548517abf6f7f0c91bf8a
	at java.base/jdk.internal.reflect.DirectConstructorHandleAccessor.newInstance(DirectConstructorHandleAccessor.java:67)
	at java.base/java.lang.reflect.Constructor.newInstanceWithCaller(Constructor.java:500)
	at java.base/java.lang.reflect.Constructor.newInstance(Constructor.java:484)
	at org.openqa.selenium.remote.codec.w3c.W3CHttpResponseCodec.createException(W3CHttpResponseCodec.java:200)
	at org.openqa.selenium.remote.codec.w3c.W3CHttpResponseCodec.decode(W3CHttpResponseCodec.java:133)
	at org.openqa.selenium.remote.codec.w3c.W3CHttpResponseCodec.decode(W3CHttpResponseCodec.java:53)
	at org.openqa.selenium.remote.HttpCommandExecutor.execute(HttpCommandExecutor.java:184)
	at org.openqa.selenium.remote.service.DriverCommandExecutor.invokeExecute(DriverCommandExecutor.java:167)
	at org.openqa.selenium.remote.service.DriverCommandExecutor.execute(DriverCommandExecutor.java:142)
	at org.openqa.selenium.remote.RemoteWebDriver.execute(RemoteWebDriver.java:569)
	at org.openqa.selenium.remote.RemoteWebElement.execute(RemoteWebElement.java:257)
	at org.openqa.selenium.remote.RemoteWebElement.click(RemoteWebElement.java:78)
	at stepDefinitions.Steps.click_cari_iklan(Steps.java:139)
	at ✽.click cari iklan(file:///Users/achmadthoriqbaidowi/Documents/java_selenium/src/test/resources/features/mamikos.feature:10)
&amp#27;[0m
  &amp#27;[36mAnd &amp#27;[0m&amp#27;[36mchoose kos&amp#27;[0m                    &amp#27;[90m# stepDefinitions.Steps.choose_kos()&amp#27;[0m
  &amp#27;[36mThen &amp#27;[0m&amp#27;[36mwill redirect to search page&amp#27;[0m &amp#27;[90m# stepDefinitions.Steps.will_redirect_to_search_page()&amp#27;[0m
[DEBUG] Using pooled Channel '[id: 0x56fbb4c2, L:/127.0.0.1:56108 - R:localhost/127.0.0.1:59844]' for 'DELETE' to 'http://localhost:59844/session/20e7fb7b2fc548517abf6f7f0c91bf8a'
[DEBUG] Using open Channel [id: 0x56fbb4c2, L:/127.0.0.1:56108 - R:localhost/127.0.0.1:59844] for DELETE '/session/20e7fb7b2fc548517abf6f7f0c91bf8a'
[DEBUG] Channel Closed: [id: 0xbc93ba76, L:/127.0.0.1:56118 ! R:localhost/127.0.0.1:56109] with attribute NettyResponseFuture{currentRetry=0,
	isDone=1,
	isCancelled=0,
	asyncHandler=org.asynchttpclient.ws.WebSocketUpgradeHandler@39f02274,
	nettyRequest=org.asynchttpclient.netty.request.NettyRequest@17fe6b7f,
	future=java.util.concurrent.CompletableFuture@4a12b5a4[Completed normally],
	uri=ws://localhost:56109/devtools/browser/dbb3d246-0ac0-4e20-b106-f2099dad3772,
	keepAlive=true,
	redirectCount=0,
	timeoutsHolder=null,
	inAuth=0,
	touch=1693365091087}
[DEBUG] Closing Channel [id: 0xbc93ba76, L:/127.0.0.1:56118 ! R:localhost/127.0.0.1:56109] 
[DEBUG] Channel Closed: [id: 0x4786aa88, L:/127.0.0.1:56117 ! R:localhost/127.0.0.1:56109] with attribute DISCARD
[DEBUG] 

Request DefaultFullHttpRequest(decodeResult: success, version: HTTP/1.1, content: EmptyByteBufBE)
DELETE /session/20e7fb7b2fc548517abf6f7f0c91bf8a HTTP/1.1
User-Agent: selenium/4.3.0 (java mac)
Content-Type: application/json; charset=utf-8
host: localhost:59844
accept: */*

Response DefaultHttpResponse(decodeResult: success, version: HTTP/1.1)
HTTP/1.1 200 OK
Content-Type: application/json; charset=utf-8
cache-control: no-cache
content-length: 14

[DEBUG] Adding key: http://localhost:59844 for channel [id: 0x56fbb4c2, L:/127.0.0.1:56108 - R:localhost/127.0.0.1:59844]
[DEBUG] Channel Closed: [id: 0x56fbb4c2, L:/127.0.0.1:56108 ! R:localhost/127.0.0.1:59844] with attribute DISCARD
]]></system-out>
    <system-err><![CDATA[Starting ChromeDriver 116.0.5845.96 (1a391816688002153ef791ffe60d9e899a71a037-refs/branch-heads/5845@{#1382}) on port 59844
Only local connections are allowed.
Please see https://chromedriver.chromium.org/security-considerations for suggestions on keeping ChromeDriver safe.
ChromeDriver was started successfully.
Aug 30, 2023 10:11:31 AM org.openqa.selenium.remote.ProtocolHandshake createSession
INFO: Detected upstream dialect: W3C
Aug 30, 2023 10:11:31 AM org.openqa.selenium.devtools.CdpVersionFinder findNearestMatch
WARNING: Unable to find an exact match for CDP version 116, so returning the closest version found: a no-op implementation
Aug 30, 2023 10:11:31 AM org.openqa.selenium.devtools.CdpVersionFinder findNearestMatch
INFO: Unable to find CDP implementation matching 116.
Aug 30, 2023 10:11:31 AM org.openqa.selenium.chromium.ChromiumDriver lambda$new$3
WARNING: Unable to find version of CDP to use for . You may need to include a dependency on a specific version of the CDP using something similar to `org.seleniumhq.selenium:selenium-devtools-v86:4.3.0` where the version ("v86") matches the version of the chromium-based browser you're using and the version number of the artifact is the same as Selenium's.
]]></system-err>
  </testcase>
</testsuite>